<?xml version="1.0" encoding="UTF-8"?>
<!-- Generated by org.testng.reporters.JUnitReportReporter -->
<testsuite hostname="DESKTOP-ESBTML5" failures="0" tests="1" name="org.saad.eCommerce_tc_4_Hybrid" time="24.055" errors="0" timestamp="2024-01-06T12:56:09 IST" skipped="0">
  <testcase classname="org.saad.eCommerce_tc_4_Hybrid" name="FillForm" time="24.055"/>
  <system-out/>
</testsuite> <!-- org.saad.eCommerce_tc_4_Hybrid -->
